#
# A fatal error has been detected by the Java Runtime Environment:
#
#  EXCEPTION_ACCESS_VIOLATION (0xc0000005) at pc=0x000000005df47066, pid=14660, tid=0x0000000000003d98
#
# JRE version: Java(TM) SE Runtime Environment (8.0_181-b13) (build 1.8.0_181-b13)
# Java VM: Java HotSpot(TM) 64-Bit Server VM (25.181-b13 mixed mode windows-amd64 compressed oops)
# Problematic frame:
# V  [jvm.dll+0x237066]
#
# Failed to write core dump. Minidumps are not enabled by default on client versions of Windows
#
# If you would like to submit a bug report, please visit:
#   http://bugreport.java.com/bugreport/crash.jsp
#

---------------  T H R E A D  ---------------

Current thread (0x000000001bdf9800):  VMThread [stack: 0x000000001daf0000,0x000000001dbf0000] [id=15768]

siginfo: ExceptionCode=0xc0000005, reading address 0x0000000000000008

Registers:
RAX=0x0000000000000000, RBX=0x000000001dbee980, RCX=0x000000001dbee980, RDX=0x0000000000000028
RSP=0x000000001dbee6b0, RBP=0x000000001dbeeec0, RSI=0x0000000000000000, RDI=0x000000001dbef050
R8 =0x0000000000000000, R9 =0x000000001b9c1b30, R10=0x0000000000000008, R11=0x000000005e317f18
R12=0x000000001f14ee70, R13=0x000000001dbeee80, R14=0x00000000000003d8, R15=0x000000001dbeee70
RIP=0x000000005df47066, EFLAGS=0x0000000000010206

Top of Stack: (sp=0x000000001dbee6b0)
0x000000001dbee6b0:   0000000000000000 0000000000000000
0x000000001dbee6c0:   00000006c57469f0 00000006c5746a58
0x000000001dbee6d0:   00000006c5746ac0 00000006c5746b38
0x000000001dbee6e0:   00000006c5746ba8 00000006c5746c10
0x000000001dbee6f0:   00000006c5746cd0 00000006c5746d58
0x000000001dbee700:   0000000020ddf210 0000000020ddf210
0x000000001dbee710:   00000006c5746ec0 00000006c5746f28
0x000000001dbee720:   00000006c5746ff8 00000006c57470c8
0x000000001dbee730:   00000006c5747198 00000006c5747200
0x000000001dbee740:   00000006c5747268 00000006c57472f0
0x000000001dbee750:   00000006c5747400 00000006c57474d0
0x000000001dbee760:   00000006c5747538 00000006c57475d0
0x000000001dbee770:   00000006c5747638 00000006c57477b8
0x000000001dbee780:   00000006c5747820 00000006c5747888
0x000000001dbee790:   00000006c57478f0 00000006c57478f0
0x000000001dbee7a0:   00000006c5747960 00000006c5747358 

Instructions: (pc=0x000000005df47066)
0x000000005df47046:   01 00 00 48 8b 05 30 a8 5b 00 48 33 c4 48 89 84
0x000000005df47056:   24 30 01 00 00 4c 63 41 10 48 8b 41 08 48 8b d9
0x000000005df47066:   42 38 54 00 08 74 33 44 0f be c2 48 8d 4c 24 20
0x000000005df47076:   48 8d 15 13 e3 3e 00 e8 ee ec de ff 48 8d 0d 97 


Register to memory mapping:

RAX=0x0000000000000000 is an unknown value
RBX=0x000000001dbee980 is an unknown value
RCX=0x000000001dbee980 is an unknown value
RDX=0x0000000000000028 is an unknown value
RSP=0x000000001dbee6b0 is an unknown value
RBP=0x000000001dbeeec0 is an unknown value
RSI=0x0000000000000000 is an unknown value
RDI=0x000000001dbef050 is an unknown value
R8 =0x0000000000000000 is an unknown value
R9 =0x000000001b9c1b30 is pointing into metadata
R10=0x0000000000000008 is an unknown value
R11=0x000000005e317f18 is an unknown value
R12=0x000000001f14ee70 is an unknown value
R13=0x000000001dbeee80 is an unknown value
R14=0x00000000000003d8 is an unknown value
R15=0x000000001dbeee70 is an unknown value


Stack: [0x000000001daf0000,0x000000001dbf0000],  sp=0x000000001dbee6b0,  free space=1017k
Native frames: (J=compiled Java code, j=interpreted, Vv=VM code, C=native code)
V  [jvm.dll+0x237066]
V  [jvm.dll+0x2376e4]
V  [jvm.dll+0xff4a3]
V  [jvm.dll+0x1025b9]
V  [jvm.dll+0x10305f]
V  [jvm.dll+0x1038a5]
V  [jvm.dll+0x103af2]
V  [jvm.dll+0xc50be]
V  [jvm.dll+0xc5748]
V  [jvm.dll+0xc587a]
V  [jvm.dll+0xc5a78]
V  [jvm.dll+0x10f94a]
V  [jvm.dll+0x12d22f]
V  [jvm.dll+0x1bf3df]
V  [jvm.dll+0x24cc27]
V  [jvm.dll+0x24bec6]
V  [jvm.dll+0x24c361]
V  [jvm.dll+0x24c57e]
V  [jvm.dll+0x29e64a]
C  [msvcr100.dll+0x21d9f]
C  [msvcr100.dll+0x21e3b]
C  [KERNEL32.DLL+0x12d92]
C  [ntdll.dll+0x9f64]

VM_Operation (0x000000001e90f2e0): GetOrSetLocal, mode: safepoint, requested by thread 0x000000001dd29800


---------------  P R O C E S S  ---------------

Java Threads: ( => current thread )
  0x000000001ff9b000 JavaThread "TestNG-PoolService-0" [_thread_blocked, id=9076, stack(0x0000000020ce0000,0x0000000020de0000)]
  0x000000001f51a800 JavaThread "ReaderThread" [_thread_in_native, id=5900, stack(0x000000001fa10000,0x000000001fb10000)]
  0x000000001ddf6800 JavaThread "Service Thread" daemon [_thread_blocked, id=14988, stack(0x000000001ef10000,0x000000001f010000)]
  0x000000001dd62000 JavaThread "C1 CompilerThread3" daemon [_thread_blocked, id=2336, stack(0x000000001ee10000,0x000000001ef10000)]
  0x000000001dd61800 JavaThread "C2 CompilerThread2" daemon [_thread_blocked, id=15468, stack(0x000000001ed10000,0x000000001ee10000)]
  0x000000001dd5c800 JavaThread "C2 CompilerThread1" daemon [_thread_blocked, id=14064, stack(0x000000001ec10000,0x000000001ed10000)]
  0x000000001dd58000 JavaThread "C2 CompilerThread0" daemon [_thread_blocked, id=8596, stack(0x000000001eb10000,0x000000001ec10000)]
  0x000000001dd39800 JavaThread "JDWP Command Reader" daemon [_thread_in_native, id=15648, stack(0x000000001ea10000,0x000000001eb10000)]
  0x000000001dd34800 JavaThread "JDWP Event Helper Thread" daemon [_thread_blocked, id=7924, stack(0x000000001e910000,0x000000001ea10000)]
  0x000000001dd29800 JavaThread "JDWP Transport Listener: dt_socket" daemon [_thread_blocked, id=2956, stack(0x000000001e810000,0x000000001e910000)]
  0x000000001dd20000 JavaThread "Attach Listener" daemon [_thread_blocked, id=12204, stack(0x000000001e3d0000,0x000000001e4d0000)]
  0x000000001dd1e000 JavaThread "Signal Dispatcher" daemon [_thread_blocked, id=15696, stack(0x000000001e2d0000,0x000000001e3d0000)]
  0x00000000025ee800 JavaThread "Finalizer" daemon [_thread_blocked, id=12052, stack(0x000000001e0f0000,0x000000001e1f0000)]
  0x00000000025ed000 JavaThread "Reference Handler" daemon [_thread_blocked, id=16868, stack(0x000000001dbf0000,0x000000001dcf0000)]
  0x00000000024f6000 JavaThread "main" [_thread_blocked, id=3708, stack(0x00000000023f0000,0x00000000024f0000)]

Other Threads:
=>0x000000001bdf9800 VMThread [stack: 0x000000001daf0000,0x000000001dbf0000] [id=15768]
  0x000000001de0a000 WatcherThread [stack: 0x000000001f010000,0x000000001f110000] [id=7264]

VM state:at safepoint (normal execution)

VM Mutex/Monitor currently owned by a thread:  ([mutex/lock_event])
[0x00000000024f27d0] Threads_lock - owner thread: 0x000000001bdf9800

Heap:
 PSYoungGen      total 58368K, used 5038K [0x000000076c700000, 0x0000000770a00000, 0x00000007c0000000)
  eden space 51200K, 5% used [0x000000076c700000,0x000000076c9fba10,0x000000076f900000)
  from space 7168K, 27% used [0x0000000770300000,0x00000007704f0000,0x0000000770a00000)
  to   space 8704K, 0% used [0x000000076f900000,0x000000076f900000,0x0000000770180000)
 ParOldGen       total 74752K, used 9917K [0x00000006c5400000, 0x00000006c9d00000, 0x000000076c700000)
  object space 74752K, 13% used [0x00000006c5400000,0x00000006c5daf7f8,0x00000006c9d00000)
 Metaspace       used 30328K, capacity 31257K, committed 31488K, reserved 1077248K
  class space    used 3030K, capacity 3250K, committed 3328K, reserved 1048576K

Card table byte_map: [0x00000000119b0000,0x0000000012190000] byte_map_base: 0x000000000e386000

Marking Bits: (ParMarkBitMap*) 0x000000005e532d00
 Begin Bits: [0x0000000012ed0000, 0x0000000016d80000)
 End Bits:   [0x0000000016d80000, 0x000000001ac30000)

Polling page: 0x0000000002220000

CodeCache: size=245760Kb used=12478Kb max_used=12521Kb free=233282Kb
 bounds [0x00000000025f0000, 0x0000000003240000, 0x00000000115f0000]
 total_blobs=4061 nmethods=3604 adapters=376
 compilation: enabled

Compilation events (10 events):
Event: 2218.454 Thread 0x000000001dd5c800 nmethod 4237 0x0000000002e15190 code [0x0000000002e15320, 0x0000000002e15690]
Event: 2218.455 Thread 0x000000001dd61800 nmethod 4236 0x0000000002e17b10 code [0x0000000002e17ca0, 0x0000000002e18090]
Event: 2218.459 Thread 0x000000001dd58000 4239       4       com.google.common.collect.ImmutableMultiset$EntrySet::size (11 bytes)
Event: 2218.459 Thread 0x000000001dd5c800 4240       4       com.google.common.collect.RegularImmutableMultiset::elementSet (28 bytes)
Event: 2218.459 Thread 0x000000001dd61800 4241       4       com.google.common.collect.RegularImmutableMultiset$ElementSet::size (9 bytes)
Event: 2218.459 Thread 0x000000001dd61800 nmethod 4241 0x0000000002e185d0 code [0x0000000002e18720, 0x0000000002e187f8]
Event: 2218.459 Thread 0x000000001dd5c800 nmethod 4240 0x0000000002bdacd0 code [0x0000000002bdae20, 0x0000000002bdaf48]
Event: 2218.460 Thread 0x000000001dd58000 nmethod 4239 0x000000000288e6d0 code [0x000000000288e840, 0x000000000288ea48]
Event: 2218.466 Thread 0x000000001dd62000 4242       3       java.util.stream.Collectors$$Lambda$204/653386144::accept (11 bytes)
Event: 2218.466 Thread 0x000000001dd62000 nmethod 4242 0x0000000002dad450 code [0x0000000002dad5c0, 0x0000000002dad908]

GC Heap History (10 events):
Event: 326.083 GC heap before
{Heap before GC invocations=13 (full 1):
 PSYoungGen      total 59392K, used 59107K [0x000000076c700000, 0x0000000771300000, 0x00000007c0000000)
  eden space 56320K, 100% used [0x000000076c700000,0x000000076fe00000,0x000000076fe00000)
  from space 3072K, 90% used [0x000000076ff00000,0x00000007701b8d28,0x0000000770200000)
  to   space 10752K, 0% used [0x0000000770880000,0x0000000770880000,0x0000000771300000)
 ParOldGen       total 74752K, used 9885K [0x00000006c5400000, 0x00000006c9d00000, 0x000000076c700000)
  object space 74752K, 13% used [0x00000006c5400000,0x00000006c5da77f8,0x00000006c9d00000)
 Metaspace       used 24993K, capacity 25922K, committed 26112K, reserved 1073152K
  class space    used 2959K, capacity 3207K, committed 3328K, reserved 1048576K
Event: 326.085 GC heap after
Heap after GC invocations=13 (full 1):
 PSYoungGen      total 64000K, used 2815K [0x000000076c700000, 0x0000000771100000, 0x00000007c0000000)
  eden space 55296K, 0% used [0x000000076c700000,0x000000076c700000,0x000000076fd00000)
  from space 8704K, 32% used [0x0000000770880000,0x0000000770b3fec0,0x0000000771100000)
  to   space 10240K, 0% used [0x000000076fd00000,0x000000076fd00000,0x0000000770700000)
 ParOldGen       total 74752K, used 9893K [0x00000006c5400000, 0x00000006c9d00000, 0x000000076c700000)
  object space 74752K, 13% used [0x00000006c5400000,0x00000006c5da97f8,0x00000006c9d00000)
 Metaspace       used 24993K, capacity 25922K, committed 26112K, reserved 1073152K
  class space    used 2959K, capacity 3207K, committed 3328K, reserved 1048576K
}
Event: 373.019 GC heap before
{Heap before GC invocations=14 (full 1):
 PSYoungGen      total 64000K, used 58111K [0x000000076c700000, 0x0000000771100000, 0x00000007c0000000)
  eden space 55296K, 100% used [0x000000076c700000,0x000000076fd00000,0x000000076fd00000)
  from space 8704K, 32% used [0x0000000770880000,0x0000000770b3fec0,0x0000000771100000)
  to   space 10240K, 0% used [0x000000076fd00000,0x000000076fd00000,0x0000000770700000)
 ParOldGen       total 74752K, used 9893K [0x00000006c5400000, 0x00000006c9d00000, 0x000000076c700000)
  object space 74752K, 13% used [0x00000006c5400000,0x00000006c5da97f8,0x00000006c9d00000)
 Metaspace       used 25013K, capacity 25986K, committed 26368K, reserved 1073152K
  class space    used 2960K, capacity 3207K, committed 3328K, reserved 1048576K
Event: 373.022 GC heap after
Heap after GC invocations=14 (full 1):
 PSYoungGen      total 56832K, used 2080K [0x000000076c700000, 0x0000000770f00000, 0x00000007c0000000)
  eden space 54272K, 0% used [0x000000076c700000,0x000000076c700000,0x000000076fc00000)
  from space 2560K, 81% used [0x000000076fd00000,0x000000076ff08000,0x000000076ff80000)
  to   space 9728K, 0% used [0x0000000770580000,0x0000000770580000,0x0000000770f00000)
 ParOldGen       total 74752K, used 9901K [0x00000006c5400000, 0x00000006c9d00000, 0x000000076c700000)
  object space 74752K, 13% used [0x00000006c5400000,0x00000006c5dab7f8,0x00000006c9d00000)
 Metaspace       used 25013K, capacity 25986K, committed 26368K, reserved 1073152K
  class space    used 2960K, capacity 3207K, committed 3328K, reserved 1048576K
}
Event: 434.877 GC heap before
{Heap before GC invocations=15 (full 1):
 PSYoungGen      total 56832K, used 56352K [0x000000076c700000, 0x0000000770f00000, 0x00000007c0000000)
  eden space 54272K, 100% used [0x000000076c700000,0x000000076fc00000,0x000000076fc00000)
  from space 2560K, 81% used [0x000000076fd00000,0x000000076ff08000,0x000000076ff80000)
  to   space 9728K, 0% used [0x0000000770580000,0x0000000770580000,0x0000000770f00000)
 ParOldGen       total 74752K, used 9901K [0x00000006c5400000, 0x00000006c9d00000, 0x000000076c700000)
  object space 74752K, 13% used [0x00000006c5400000,0x00000006c5dab7f8,0x00000006c9d00000)
 Metaspace       used 25060K, capacity 26020K, committed 26368K, reserved 1073152K
  class space    used 2970K, capacity 3218K, committed 3328K, reserved 1048576K
Event: 434.884 GC heap after
Heap after GC invocations=15 (full 1):
 PSYoungGen      total 60928K, used 2080K [0x000000076c700000, 0x0000000770d00000, 0x00000007c0000000)
  eden space 53248K, 0% used [0x000000076c700000,0x000000076c700000,0x000000076fb00000)
  from space 7680K, 27% used [0x0000000770580000,0x0000000770788000,0x0000000770d00000)
  to   space 9216K, 0% used [0x000000076fb00000,0x000000076fb00000,0x0000000770400000)
 ParOldGen       total 74752K, used 9909K [0x00000006c5400000, 0x00000006c9d00000, 0x000000076c700000)
  object space 74752K, 13% used [0x00000006c5400000,0x00000006c5dad7f8,0x00000006c9d00000)
 Metaspace       used 25060K, capacity 26020K, committed 26368K, reserved 1073152K
  class space    used 2970K, capacity 3218K, committed 3328K, reserved 1048576K
}
Event: 508.224 GC heap before
{Heap before GC invocations=16 (full 1):
 PSYoungGen      total 60928K, used 55328K [0x000000076c700000, 0x0000000770d00000, 0x00000007c0000000)
  eden space 53248K, 100% used [0x000000076c700000,0x000000076fb00000,0x000000076fb00000)
  from space 7680K, 27% used [0x0000000770580000,0x0000000770788000,0x0000000770d00000)
  to   space 9216K, 0% used [0x000000076fb00000,0x000000076fb00000,0x0000000770400000)
 ParOldGen       total 74752K, used 9909K [0x00000006c5400000, 0x00000006c9d00000, 0x000000076c700000)
  object space 74752K, 13% used [0x00000006c5400000,0x00000006c5dad7f8,0x00000006c9d00000)
 Metaspace       used 25060K, capacity 26020K, committed 26368K, reserved 1073152K
  class space    used 2970K, capacity 3218K, committed 3328K, reserved 1048576K
Event: 508.227 GC heap after
Heap after GC invocations=16 (full 1):
 PSYoungGen      total 54272K, used 2048K [0x000000076c700000, 0x0000000770c00000, 0x00000007c0000000)
  eden space 52224K, 0% used [0x000000076c700000,0x000000076c700000,0x000000076fa00000)
  from space 2048K, 100% used [0x000000076fb00000,0x000000076fd00000,0x000000076fd00000)
  to   space 9216K, 0% used [0x0000000770300000,0x0000000770300000,0x0000000770c00000)
 ParOldGen       total 74752K, used 9909K [0x00000006c5400000, 0x00000006c9d00000, 0x000000076c700000)
  object space 74752K, 13% used [0x00000006c5400000,0x00000006c5dad7f8,0x00000006c9d00000)
 Metaspace       used 25060K, capacity 26020K, committed 26368K, reserved 1073152K
  class space    used 2970K, capacity 3218K, committed 3328K, reserved 1048576K
}
Event: 2172.582 GC heap before
{Heap before GC invocations=17 (full 1):
 PSYoungGen      total 54272K, used 54272K [0x000000076c700000, 0x0000000770c00000, 0x00000007c0000000)
  eden space 52224K, 100% used [0x000000076c700000,0x000000076fa00000,0x000000076fa00000)
  from space 2048K, 100% used [0x000000076fb00000,0x000000076fd00000,0x000000076fd00000)
  to   space 9216K, 0% used [0x0000000770300000,0x0000000770300000,0x0000000770c00000)
 ParOldGen       total 74752K, used 9909K [0x00000006c5400000, 0x00000006c9d00000, 0x000000076c700000)
  object space 74752K, 13% used [0x00000006c5400000,0x00000006c5dad7f8,0x00000006c9d00000)
 Metaspace       used 25175K, capacity 26148K, committed 26368K, reserved 1073152K
  class space    used 2971K, capacity 3218K, committed 3328K, reserved 1048576K
Event: 2172.622 GC heap after
Heap after GC invocations=17 (full 1):
 PSYoungGen      total 58368K, used 1984K [0x000000076c700000, 0x0000000770a00000, 0x00000007c0000000)
  eden space 51200K, 0% used [0x000000076c700000,0x000000076c700000,0x000000076f900000)
  from space 7168K, 27% used [0x0000000770300000,0x00000007704f0000,0x0000000770a00000)
  to   space 8704K, 0% used [0x000000076f900000,0x000000076f900000,0x0000000770180000)
 ParOldGen       total 74752K, used 9917K [0x00000006c5400000, 0x00000006c9d00000, 0x000000076c700000)
  object space 74752K, 13% used [0x00000006c5400000,0x00000006c5daf7f8,0x00000006c9d00000)
 Metaspace       used 25175K, capacity 26148K, committed 26368K, reserved 1073152K
  class space    used 2971K, capacity 3218K, committed 3328K, reserved 1048576K
}

Deoptimization events (10 events):
Event: 2218.494 Thread 0x000000001ff9b000 Uncommon trap: reason=unhandled action=none pc=0x000000000318986c method=java.lang.Class.getMethod(Ljava/lang/String;[Ljava/lang/Class;)Ljava/lang/reflect/Method; @ 61
Event: 2218.745 Thread 0x000000001ff9b000 Uncommon trap: reason=unhandled action=none pc=0x000000000318986c method=java.lang.Class.getMethod(Ljava/lang/String;[Ljava/lang/Class;)Ljava/lang/reflect/Method; @ 61
Event: 2218.745 Thread 0x000000001ff9b000 Uncommon trap: reason=unhandled action=none pc=0x000000000318986c method=java.lang.Class.getMethod(Ljava/lang/String;[Ljava/lang/Class;)Ljava/lang/reflect/Method; @ 61
Event: 2218.745 Thread 0x000000001ff9b000 Uncommon trap: reason=unhandled action=none pc=0x000000000318986c method=java.lang.Class.getMethod(Ljava/lang/String;[Ljava/lang/Class;)Ljava/lang/reflect/Method; @ 61
Event: 2218.745 Thread 0x000000001ff9b000 Uncommon trap: reason=unhandled action=none pc=0x000000000318986c method=java.lang.Class.getMethod(Ljava/lang/String;[Ljava/lang/Class;)Ljava/lang/reflect/Method; @ 61
Event: 2218.745 Thread 0x000000001ff9b000 Uncommon trap: reason=unhandled action=none pc=0x000000000318986c method=java.lang.Class.getMethod(Ljava/lang/String;[Ljava/lang/Class;)Ljava/lang/reflect/Method; @ 61
Event: 2218.745 Thread 0x000000001ff9b000 Uncommon trap: reason=unhandled action=none pc=0x000000000318986c method=java.lang.Class.getMethod(Ljava/lang/String;[Ljava/lang/Class;)Ljava/lang/reflect/Method; @ 61
Event: 2218.762 Thread 0x000000001ff9b000 Uncommon trap: reason=unhandled action=none pc=0x000000000318986c method=java.lang.Class.getMethod(Ljava/lang/String;[Ljava/lang/Class;)Ljava/lang/reflect/Method; @ 61
Event: 2218.762 Thread 0x000000001ff9b000 Uncommon trap: reason=unhandled action=none pc=0x000000000318986c method=java.lang.Class.getMethod(Ljava/lang/String;[Ljava/lang/Class;)Ljava/lang/reflect/Method; @ 61
Event: 2218.762 Thread 0x000000001ff9b000 Uncommon trap: reason=unhandled action=none pc=0x000000000318986c method=java.lang.Class.getMethod(Ljava/lang/String;[Ljava/lang/Class;)Ljava/lang/reflect/Method; @ 61

Classes redefined (10 events):
Event: 6144.263 Thread 0x000000001bdf9800 redefined class name=com.ssp.smoke.testscripts.UXP_EC_SMOKE, count=5
Event: 6629.459 Thread 0x000000001bdf9800 redefined class name=com.ssp.smoke.testscripts.UXP_EC_SMOKE, count=6
Event: 8222.464 Thread 0x000000001bdf9800 redefined class name=com.ssp.uxp_pages.CustDashboardPage, count=3
Event: 8222.480 Thread 0x000000001bdf9800 redefined class name=com.ssp.smoke.testscripts.UXP_EC_SMOKE, count=7
Event: 67502.888 Thread 0x000000001bdf9800 redefined class name=com.ssp.smoke.testscripts.UXP_EC_SMOKE, count=8
Event: 67642.782 Thread 0x000000001bdf9800 redefined class name=com.ssp.smoke.testscripts.UXP_EC_SMOKE, count=9
Event: 67924.746 Thread 0x000000001bdf9800 redefined class name=com.ssp.smoke.testscripts.UXP_EC_SMOKE, count=10
Event: 69143.810 Thread 0x000000001bdf9800 redefined class name=com.ssp.smoke.testscripts.UXP_EC_SMOKE, count=11
Event: 69568.733 Thread 0x000000001bdf9800 redefined class name=com.ssp.smoke.testscripts.UXP_EC_SMOKE, count=12
Event: 81640.431 Thread 0x000000001bdf9800 redefined class name=com.ssp.smoke.testscripts.UXP_EC_SMOKE, count=13

Internal exceptions (10 events):
Event: 2218.410 Thread 0x000000001ff9b000 Exception <a 'java/net/SocketTimeoutException': Read timed out> (0x000000076c7e69b8) thrown at [C:\re\workspace\8-2-build-windows-amd64-cygwin\jdk8u181\11358\hotspot\src\share\vm\prims\jni.cpp, line 735]
Event: 2218.418 Thread 0x000000001ff9b000 Exception <a 'java/net/SocketTimeoutException': Read timed out> (0x000000076c8084e0) thrown at [C:\re\workspace\8-2-build-windows-amd64-cygwin\jdk8u181\11358\hotspot\src\share\vm\prims\jni.cpp, line 735]
Event: 2218.426 Thread 0x000000001ff9b000 Exception <a 'java/net/SocketTimeoutException': Read timed out> (0x000000076c82a0a8) thrown at [C:\re\workspace\8-2-build-windows-amd64-cygwin\jdk8u181\11358\hotspot\src\share\vm\prims\jni.cpp, line 735]
Event: 2218.435 Thread 0x000000001ff9b000 Exception <a 'java/net/SocketTimeoutException': Read timed out> (0x000000076c84bc28) thrown at [C:\re\workspace\8-2-build-windows-amd64-cygwin\jdk8u181\11358\hotspot\src\share\vm\prims\jni.cpp, line 735]
Event: 2218.443 Thread 0x000000001ff9b000 Exception <a 'java/net/SocketTimeoutException': Read timed out> (0x000000076c86d778) thrown at [C:\re\workspace\8-2-build-windows-amd64-cygwin\jdk8u181\11358\hotspot\src\share\vm\prims\jni.cpp, line 735]
Event: 2218.452 Thread 0x000000001ff9b000 Exception <a 'java/net/SocketTimeoutException': Read timed out> (0x000000076c90f2c0) thrown at [C:\re\workspace\8-2-build-windows-amd64-cygwin\jdk8u181\11358\hotspot\src\share\vm\prims\jni.cpp, line 735]
Event: 2218.460 Thread 0x000000001ff9b000 Exception <a 'java/net/SocketTimeoutException': Read timed out> (0x000000076c930de0) thrown at [C:\re\workspace\8-2-build-windows-amd64-cygwin\jdk8u181\11358\hotspot\src\share\vm\prims\jni.cpp, line 735]
Event: 2218.468 Thread 0x000000001ff9b000 Exception <a 'java/net/SocketTimeoutException': Read timed out> (0x000000076c952990) thrown at [C:\re\workspace\8-2-build-windows-amd64-cygwin\jdk8u181\11358\hotspot\src\share\vm\prims\jni.cpp, line 735]
Event: 2218.478 Thread 0x000000001ff9b000 Exception <a 'java/net/SocketTimeoutException': Read timed out> (0x000000076c96d390) thrown at [C:\re\workspace\8-2-build-windows-amd64-cygwin\jdk8u181\11358\hotspot\src\share\vm\prims\jni.cpp, line 735]
Event: 2218.746 Thread 0x000000001ff9b000 Exception <a 'java/net/SocketTimeoutException': Read timed out> (0x000000076c987d90) thrown at [C:\re\workspace\8-2-build-windows-amd64-cygwin\jdk8u181\11358\hotspot\src\share\vm\prims\jni.cpp, line 735]

Events (10 events):
Event: 83068.932 Executing VM operation: GetOrSetLocal done
Event: 83068.932 Executing VM operation: GetOrSetLocal
Event: 83068.932 Executing VM operation: GetOrSetLocal done
Event: 83068.932 Executing VM operation: GetOrSetLocal
Event: 83068.932 Executing VM operation: GetOrSetLocal done
Event: 83074.208 Executing VM operation: GetOrSetLocal
Event: 83074.208 Executing VM operation: GetOrSetLocal done
Event: 83074.208 Executing VM operation: GetOrSetLocal
Event: 83074.208 Executing VM operation: GetOrSetLocal done
Event: 83074.214 Executing VM operation: GetOrSetLocal


Dynamic libraries:
0x00007ff72dfd0000 - 0x00007ff72e007000 	C:\Program Files\Java\jre1.8.0_181\bin\javaw.exe
0x00007ff8934c0000 - 0x00007ff893682000 	C:\Windows\SYSTEM32\ntdll.dll
0x00007ff890fa0000 - 0x00007ff89104d000 	C:\Windows\system32\KERNEL32.DLL
0x00007ff8909a0000 - 0x00007ff890b7d000 	C:\Windows\system32\KERNELBASE.dll
0x00007ff892f60000 - 0x00007ff893006000 	C:\Windows\system32\ADVAPI32.dll
0x00007ff890df0000 - 0x00007ff890e8d000 	C:\Windows\system32\msvcrt.dll
0x00007ff8912f0000 - 0x00007ff89134b000 	C:\Windows\system32\sechost.dll
0x00007ff8911c0000 - 0x00007ff8912e6000 	C:\Windows\system32\RPCRT4.dll
0x00007ff893340000 - 0x00007ff89348e000 	C:\Windows\system32\USER32.dll
0x00007ff892dd0000 - 0x00007ff892f53000 	C:\Windows\system32\GDI32.dll
0x00007ff87f130000 - 0x00007ff87f3a4000 	C:\Windows\WinSxS\amd64_microsoft.windows.common-controls_6595b64144ccf1df_6.0.10240.17184_none_f41d7a705752bce6\COMCTL32.dll
0x00007ff890f60000 - 0x00007ff890f96000 	C:\Windows\system32\IMM32.DLL
0x00007ff891350000 - 0x00007ff8914ac000 	C:\Windows\system32\MSCTF.dll
0x000000005e5c0000 - 0x000000005e692000 	C:\Program Files\Java\jre1.8.0_181\bin\msvcr100.dll
0x000000005dd10000 - 0x000000005e5b2000 	C:\Program Files\Java\jre1.8.0_181\bin\server\jvm.dll
0x00007ff891060000 - 0x00007ff891068000 	C:\Windows\system32\PSAPI.DLL
0x00007ff88e0d0000 - 0x00007ff88e0f3000 	C:\Windows\SYSTEM32\WINMM.dll
0x00007ff889f00000 - 0x00007ff889f0a000 	C:\Windows\SYSTEM32\VERSION.dll
0x00007ff887ac0000 - 0x00007ff887ac9000 	C:\Windows\SYSTEM32\WSOCK32.dll
0x00007ff892cf0000 - 0x00007ff892d59000 	C:\Windows\system32\WS2_32.dll
0x00007ff88e060000 - 0x00007ff88e08c000 	C:\Windows\SYSTEM32\WINMMBASE.dll
0x00007ff8934b0000 - 0x00007ff8934b8000 	C:\Windows\system32\NSI.dll
0x00007ff890890000 - 0x00007ff8908d4000 	C:\Windows\system32\cfgmgr32.dll
0x00007ff88e7b0000 - 0x00007ff88e7d7000 	C:\Windows\SYSTEM32\DEVOBJ.dll
0x000000005dd00000 - 0x000000005dd0f000 	C:\Program Files\Java\jre1.8.0_181\bin\verify.dll
0x000000005dcd0000 - 0x000000005dcf9000 	C:\Program Files\Java\jre1.8.0_181\bin\java.dll
0x000000005dbe0000 - 0x000000005dc15000 	C:\Program Files\Java\jre1.8.0_181\bin\jdwp.dll
0x000000005dbd0000 - 0x000000005dbd8000 	C:\Program Files\Java\jre1.8.0_181\bin\npt.dll
0x000000005dcb0000 - 0x000000005dcc6000 	C:\Program Files\Java\jre1.8.0_181\bin\zip.dll
0x00007ff891510000 - 0x00007ff892a33000 	C:\Windows\system32\SHELL32.dll
0x00007ff88ffe0000 - 0x00007ff890609000 	C:\Windows\system32\windows.storage.dll
0x00007ff8930c0000 - 0x00007ff89333c000 	C:\Windows\system32\combase.dll
0x00007ff890b80000 - 0x00007ff890bd1000 	C:\Windows\system32\shlwapi.dll
0x00007ff88ff50000 - 0x00007ff88ff5f000 	C:\Windows\system32\kernel.appcore.dll
0x00007ff8908e0000 - 0x00007ff890993000 	C:\Windows\system32\shcore.dll
0x00007ff88fee0000 - 0x00007ff88ff2a000 	C:\Windows\system32\powrprof.dll
0x00007ff88ff30000 - 0x00007ff88ff43000 	C:\Windows\system32\profapi.dll
0x000000005dbc0000 - 0x000000005dbc9000 	C:\Program Files\Java\jre1.8.0_181\bin\dt_socket.dll
0x00007ff881590000 - 0x00007ff8815a5000 	C:\Windows\system32\napinsp.dll
0x00007ff8815b0000 - 0x00007ff8815ca000 	C:\Windows\system32\pnrpnsp.dll
0x00007ff88e260000 - 0x00007ff88e278000 	C:\Windows\system32\NLAapi.dll
0x00007ff88f750000 - 0x00007ff88f7ad000 	C:\Windows\System32\mswsock.dll
0x00007ff88f4e0000 - 0x00007ff88f588000 	C:\Windows\SYSTEM32\DNSAPI.dll
0x00007ff8815d0000 - 0x00007ff8815dd000 	C:\Windows\System32\winrnr.dll
0x00007ff88c780000 - 0x00007ff88c7e8000 	C:\Windows\System32\fwpuclnt.dll
0x00007ff88fe10000 - 0x00007ff88fe38000 	C:\Windows\SYSTEM32\bcrypt.dll
0x00007ff889ff0000 - 0x00007ff889ffa000 	C:\Windows\System32\rasadhlp.dll
0x000000005dc90000 - 0x000000005dcaa000 	C:\Program Files\Java\jre1.8.0_181\bin\net.dll
0x00007ff88f7f0000 - 0x00007ff88f807000 	C:\Windows\SYSTEM32\CRYPTSP.dll
0x00007ff88f440000 - 0x00007ff88f473000 	C:\Windows\system32\rsaenh.dll
0x00007ff88f5d0000 - 0x00007ff88f5ef000 	C:\Windows\SYSTEM32\USERENV.dll
0x00007ff88fd00000 - 0x00007ff88fd6b000 	C:\Windows\system32\bcryptprimitives.dll
0x00007ff88f9e0000 - 0x00007ff88f9eb000 	C:\Windows\SYSTEM32\CRYPTBASE.dll
0x00007ff88d6c0000 - 0x00007ff88d6f8000 	C:\Windows\SYSTEM32\IPHLPAPI.DLL
0x00007ff88e090000 - 0x00007ff88e09b000 	C:\Windows\SYSTEM32\WINNSI.DLL
0x00007ff88c620000 - 0x00007ff88c636000 	C:\Windows\SYSTEM32\dhcpcsvc6.DLL
0x00007ff88c870000 - 0x00007ff88c88a000 	C:\Windows\SYSTEM32\dhcpcsvc.DLL
0x000000005dc70000 - 0x000000005dc81000 	C:\Program Files\Java\jre1.8.0_181\bin\nio.dll
0x000000005dc40000 - 0x000000005dc64000 	C:\Program Files\Java\jre1.8.0_181\bin\sunec.dll
0x000000005dc20000 - 0x000000005dc2b000 	C:\Program Files\Java\jre1.8.0_181\bin\sunmscapi.dll
0x00007ff8906c0000 - 0x00007ff890881000 	C:\Windows\system32\CRYPT32.dll
0x00007ff88ff60000 - 0x00007ff88ff71000 	C:\Windows\system32\MSASN1.dll
0x00007ff885030000 - 0x00007ff8851ba000 	C:\Windows\SYSTEM32\dbghelp.dll

VM Arguments:
jvm_args: -agentlib:jdwp=transport=dt_socket,suspend=y,address=localhost:49981 -ea -Dfile.encoding=Cp1252 
java_command: org.testng.remote.RemoteTestNG -serport 49980 -protocol json -d C:\TestAutomation2\test-output C:\TestAutomation2\testxml\UXP_Somke.xml
java_class_path (initial): C:\eclipse-jee-neon-1a-win32-x86_64\eclipse\configuration\org.eclipse.osgi\969\0\.cp\lib\testng-remote.jar;C:\TestAutomation2\target\test-classes;C:\TestAutomation2\target\classes;C:\eclipse-jee-neon-1a-win32-x86_64\eclipse\plugins\org.testng_6.14.2.r201802161450.jar;C:\eclipse-jee-neon-1a-win32-x86_64\eclipse\plugins\com.beust.jcommander_1.72.0.jar;C:\eclipse-jee-neon-1a-win32-x86_64\eclipse\plugins\org.apache-extras.beanshell.bsh_2.0.0.b6.jar;C:\eclipse-jee-neon-1a-win32-x86_64\eclipse\plugins\org.yaml.snakeyaml_1.17.0.jar;C:\Users\jheelum.dutta\.m2\repository\com\google\guava\guava\21.0\guava-21.0.jar;C:\Users\jheelum.dutta\.m2\repository\org\seleniumhq\selenium\selenium-java\3.13.0\selenium-java-3.13.0.jar;C:\Users\jheelum.dutta\.m2\repository\org\seleniumhq\selenium\selenium-api\3.13.0\selenium-api-3.13.0.jar;C:\Users\jheelum.dutta\.m2\repository\org\seleniumhq\selenium\selenium-chrome-driver\3.13.0\selenium-chrome-driver-3.13.0.jar;C:\Users\jheelum.dutta\.m2\repository\org\seleniumhq\selenium\selenium-edge-driver\3.13.0\selenium-edge-driver-3.13.0.jar;C:\Users\jheelum.dutta\.m2\repository\org\seleniumhq\selenium\selenium-firefox-driver\3.13.0\selenium-firefox-driver-3.13.0.jar;C:\Users\jheelum.dutta\.m2\repository\org\seleniumhq\selenium\selenium-ie-driver\3.13.0\selenium-ie-driver-3.13.0.jar;C:\Users\jheelum.dutta\.m2\repository\org\seleniumhq\selenium\selenium-opera-driver\3.13.0\selenium-opera-driver-3.13.0.jar;C:\Users\jheelum.dutta\.m2\repository\org\seleniumhq\selenium\selenium-remote-driver\3.13.0\selenium-remote-driver-3.13.0.jar;C:\Users\jheelum.dutta\.m2\repository\org\seleniumhq\selenium\selenium-support\3.13.0\selenium-support-3.13.0.jar;C:\Users\jheelum.dutta\.m2\repository\net\bytebuddy\byte-buddy\1.8.3\byte-buddy-1.8.3.jar;C:\Users\jheelum.dutta\.m2\repository\org\apache\commons\commons-exec\1.3\commons-exec-1.3.jar;C:\Users\jheelum.dutta\.m2\repository\commons-logging\commons-logging\1.2\commons-logging-1.2.jar;C:\U
Launcher Type: SUN_STANDARD

Environment Variables:
JAVA_HOME=C:\Program Files\Java\jdk1.8.0_162
PATH=C:\Program Files (x86)\Common Files\Oracle\Java\javapath;C:\ProgramData\Oracle\Java\javapath;C:\Program Files (x86)\Intel\iCLS Client\;C:\Program Files\Intel\iCLS Client\;C:\Windows\system32;C:\Windows;C:\Windows\System32\Wbem;C:\Windows\System32\WindowsPowerShell\v1.0\;C:\Program Files\Intel\Intel(R) Management Engine Components\DAL;C:\Program Files\Intel\Intel(R) Management Engine Components\IPT;C:\Program Files (x86)\Intel\Intel(R) Management Engine Components\DAL;C:\Program Files (x86)\Intel\Intel(R) Management Engine Components\IPT;C:\Program Files (x86)\Intel\OpenCL SDK\3.0\bin\x86;C:\Program Files (x86)\Intel\OpenCL SDK\3.0\bin\x64;C:\Program Files (x86)\Microsoft SQL Server\110\Tools\Binn\;C:\Program Files\Microsoft SQL Server\110\Tools\Binn\;C:\Program Files (x86)\Microsoft SQL Server\110\DTS\Binn\;C:\Program Files\Microsoft SQL Server\110\DTS\Binn\;C:\Program Files (x86)\Microsoft SQL Server\110\Tools\Binn\ManagementStudio\;C:\Program Files\Java\jdk1.8.0_162\bin;C:\Program Files\apache-maven-3.3.9\bin;C:\Program Files\Git\cmd;C:\Program Files (x86)\Jenkins\bin;C:\Users\jheelum.dutta\WS2
USERNAME=jheelum.dutta
OS=Windows_NT
PROCESSOR_IDENTIFIER=Intel64 Family 6 Model 60 Stepping 3, GenuineIntel



---------------  S Y S T E M  ---------------

OS: Windows 10.0 , 64 bit Build 10240 (10.0.10240.17113)

CPU:total 8 (initial active 8) (4 cores per cpu, 2 threads per core) family 6 model 60 stepping 3, cmov, cx8, fxsr, mmx, sse, sse2, sse3, ssse3, sse4.1, sse4.2, popcnt, avx, avx2, aes, clmul, erms, lzcnt, ht, tsc, tscinvbit, bmi1, bmi2

Memory: 4k page, physical 16428172k(10336256k free), swap 18918540k(11067416k free)

vm_info: Java HotSpot(TM) 64-Bit Server VM (25.181-b13) for windows-amd64 JRE (1.8.0_181-b13), built on Jul  7 2018 04:01:33 by "java_re" with MS VC++ 10.0 (VS2010)

time: Fri Nov 02 14:06:32 2018
elapsed time: 83074 seconds (0d 23h 4m 34s)

